Determining if the pthread_create exist failed with the following output:
Change Dir: /home/c3mx/teleop_tutor/build/CMakeFiles/CMakeTmp

Run Build Command:"/usr/bin/make" "cmTryCompileExec3374799403/fast"
/usr/bin/make -f CMakeFiles/cmTryCompileExec3374799403.dir/build.make CMakeFiles/cmTryCompileExec3374799403.dir/build
make[1]: Entering directory '/home/c3mx/teleop_tutor/build/CMakeFiles/CMakeTmp'
/usr/bin/cmake -E cmake_progress_report /home/c3mx/teleop_tutor/build/CMakeFiles/CMakeTmp/CMakeFiles 1
Building C object CMakeFiles/cmTryCompileExec3374799403.dir/CheckSymbolExists.c.o
/usr/bin/cc    -o CMakeFiles/cmTryCompileExec3374799403.dir/CheckSymbolExists.c.o   -c /home/c3mx/teleop_tutor/build/CMakeFiles/CMakeTmp/CheckSymbolExists.c
Linking C executable cmTryCompileExec3374799403
/usr/bin/cmake -E cmake_link_script CMakeFiles/cmTryCompileExec3374799403.dir/link.txt --verbose=1
/usr/bin/cc       CMakeFiles/cmTryCompileExec3374799403.dir/CheckSymbolExists.c.o  -o cmTryCompileExec3374799403 -rdynamic 
CMakeFiles/cmTryCompileExec3374799403.dir/CheckSymbolExists.c.o: In function `main':
CheckSymbolExists.c:(.text+0x16): undefined reference to `pthread_create'
collect2: error: ld returned 1 exit status
CMakeFiles/cmTryCompileExec3374799403.dir/build.make:88: recipe for target 'cmTryCompileExec3374799403' failed
make[1]: *** [cmTryCompileExec3374799403] Error 1
make[1]: Leaving directory '/home/c3mx/teleop_tutor/build/CMakeFiles/CMakeTmp'
Makefile:118: recipe for target 'cmTryCompileExec3374799403/fast' failed
make: *** [cmTryCompileExec3374799403/fast] Error 2

File /home/c3mx/teleop_tutor/build/CMakeFiles/CMakeTmp/CheckSymbolExists.c:
/* */
#include <pthread.h>

int main(int argc, char** argv)
{
  (void)argv;
#ifndef pthread_create
  return ((int*)(&pthread_create))[argc];
#else
  (void)argc;
  return 0;
#endif
}

Determining if the function pthread_create exists in the pthreads failed with the following output:
Change Dir: /home/c3mx/teleop_tutor/build/CMakeFiles/CMakeTmp

Run Build Command:"/usr/bin/make" "cmTryCompileExec4024049673/fast"
/usr/bin/make -f CMakeFiles/cmTryCompileExec4024049673.dir/build.make CMakeFiles/cmTryCompileExec4024049673.dir/build
make[1]: Entering directory '/home/c3mx/teleop_tutor/build/CMakeFiles/CMakeTmp'
/usr/bin/cmake -E cmake_progress_report /home/c3mx/teleop_tutor/build/CMakeFiles/CMakeTmp/CMakeFiles 1
Building C object CMakeFiles/cmTryCompileExec4024049673.dir/CheckFunctionExists.c.o
/usr/bin/cc   -DCHECK_FUNCTION_EXISTS=pthread_create   -o CMakeFiles/cmTryCompileExec4024049673.dir/CheckFunctionExists.c.o   -c /usr/share/cmake-3.0/Modules/CheckFunctionExists.c
Linking C executable cmTryCompileExec4024049673
/usr/bin/cmake -E cmake_link_script CMakeFiles/cmTryCompileExec4024049673.dir/link.txt --verbose=1
/usr/bin/cc   -DCHECK_FUNCTION_EXISTS=pthread_create    CMakeFiles/cmTryCompileExec4024049673.dir/CheckFunctionExists.c.o  -o cmTryCompileExec4024049673 -rdynamic -lpthreads 
/usr/bin/ld: cannot find -lpthreads
collect2: error: ld returned 1 exit status
CMakeFiles/cmTryCompileExec4024049673.dir/build.make:88: recipe for target 'cmTryCompileExec4024049673' failed
make[1]: *** [cmTryCompileExec4024049673] Error 1
make[1]: Leaving directory '/home/c3mx/teleop_tutor/build/CMakeFiles/CMakeTmp'
Makefile:118: recipe for target 'cmTryCompileExec4024049673/fast' failed
make: *** [cmTryCompileExec4024049673/fast] Error 2


